
============================================================
ğŸš€ Phase 1 Test Suite with OCR Verification
============================================================

âš ï¸  IMPORTANT: All screenshots will be verified with OCR
   No claims will be made without verification


ğŸŒ Opening browser to localhost:3001...

============================================================
ğŸ§ª TEST 1: Desktop Initial Load
============================================================

ğŸ“¸ Screenshot captured: 01_desktop_initial.png
   Description: Desktop view - should show sidebar with navigation

ğŸ” Verifying screenshot: test_screenshots/01_desktop_initial.png
   OCR output saved to: test_screenshots/01_desktop_initial.png.txt
âœ… Desktop Initial Load VERIFIED
   Found all expected: ['OmniDash', 'Home', 'Item Search', 'Deep Search', 'Wayback Machine', 'Settings']

âœ… Desktop Initial Load: All navigation items visible on desktop

============================================================
ğŸ§ª TEST 2: Mobile View - Hamburger Menu
============================================================

ğŸ“± Opening DevTools...
   Pressing: F12

ğŸ“¸ Screenshot captured: 02_devtools_opened.png
   Description: DevTools opened - preparing for mobile emulation

ğŸ” Verifying screenshot: test_screenshots/02_devtools_opened.png
   OCR output saved to: test_screenshots/02_devtools_opened.png.txt
âŒ DevTools Opened VERIFICATION FAILED
   Screenshot: test_screenshots/02_devtools_opened.png
   Expected: ['Elements', 'Console']
   Found: []
   Missing: ['Elements', 'Console']
   OCR preview: $2 Applications = ~9 rules.md - Archive-O... @ Google-chrome 2] Terminal ry ce 2025-3212 owner
Archive-Omnid - i OH |

rules.md - Archive-Omnidash-2- Visual Studio Code

om

Â© localhost:3001

Google Chrome

g 58 OmniDash Home APIVI
Archive OmniDash

A unified toolkit for the Internet Archive. Access

âš ï¸ DevTools Open: DevTools might not be visible

ğŸ“± Toggling device toolbar (Ctrl+Shift+M)...
   Pressing: ctrl+shift+m

ğŸ“¸ Screenshot captured: 03_mobile_view.png
   Description: Mobile emulation - should show hamburger menu

ğŸ” Verifying screenshot: test_screenshots/03_mobile_view.png
   OCR output saved to: test_screenshots/03_mobile_view.png.txt
âœ… Mobile View VERIFIED
   Found all expected: ['OmniDash']

âš ï¸ Mobile Hamburger Menu: Could not verify hamburger menu via OCR (might be icon)

============================================================
ğŸ§ª TEST 3: Enhanced Error Handling
============================================================

ğŸ”§ Closing DevTools...
   Pressing: F12

ğŸ” Navigating to Item Search...
   Clicking: Item Search button at (150, 280)

ğŸ“¸ Screenshot captured: 04_item_search_page.png
   Description: Item Search page - should show input field

ğŸ” Verifying screenshot: test_screenshots/04_item_search_page.png
   OCR output saved to: test_screenshots/04_item_search_page.png.txt
âŒ Item Search Page Load VERIFICATION FAILED
   Screenshot: test_screenshots/04_item_search_page.png
   Expected: ['Metadata', 'Identifier']
   Found: []
   Missing: ['Metadata', 'Identifier']
   OCR preview: $< Applications = > rules.md - Archive-O... (â‚¬ Google-chrome

rs)

Â®
=)

x

File Edit

AUGMENT

= Explain where w... % v

42 6/6 | @ +3139 -102

# Phase 1 Test Suite

Let me fix the subprocess
error:

D Edited file tes. B1e

Â© Terminal $ python3... & 2
â€˜Command

python3
test_phasel_with_ocr.py
zeal 

âŒ Item Search Navigation: Item Search page not loaded: ['Metadata', 'Identifier']

ğŸ“Š Report saved to: test_screenshots/ocr_verified_report.html

============================================================
ğŸ“Š Test Summary
============================================================
Total Tests: 4
âœ… Passed: 1
âŒ Failed: 1
âš ï¸  Warnings: 2
============================================================
